#
# A fatal error has been detected by the Java Runtime Environment:
#
#  SIGSEGV (0xb) at pc=0x9fe736be, pid=11914, tid=3066252144
#
# JRE version: 6.0_24-b07
# Java VM: Java HotSpot(TM) Client VM (19.1-b02 mixed mode linux-x86 )
# Problematic frame:
# C  [libGL.so.1+0x386be]
#
# If you would like to submit a bug report, please visit:
#   http://java.sun.com/webapps/bugreport/crash.jsp
# The crash happened outside the Java Virtual Machine in native code.
# See problematic frame for where to report the bug.
#

---------------  T H R E A D  ---------------

Current thread (0x08a36000):  JavaThread "main" [_thread_in_native, id=11921, stack(0xb6be4000,0xb6c35000)]

siginfo:si_signo=SIGSEGV: si_errno=0, si_code=1 (SEGV_MAPERR), si_addr=0x9dfd4000

Registers:
EAX=0x9dfd4000, EBX=0x9e7dcfa8, ECX=0x9e7dcfa8, EDX=0x00000000
ESP=0xb6c33d20, EBP=0xb6c33d4c, ESI=0x00000000, EDI=0x00000000
EIP=0x9fe736be, CR2=0x9dfd4000, EFLAGS=0x00010246

Register to memory mapping:

EAX=0x9dfd4000
0x9dfd4000 is pointing to unknown location

EBX=0x9e7dcfa8
0x9e7dcfa8 is pointing to unknown location

ECX=0x9e7dcfa8
0x9e7dcfa8 is pointing to unknown location

EDX=0x00000000
0x00000000 is pointing to unknown location

ESP=0xb6c33d20
0xb6c33d20 is pointing into the stack for thread: 0x08a36000
"main" prio=10 tid=0x08a36000 nid=0x2e91 runnable [0xb6c33000]
   java.lang.Thread.State: RUNNABLE

EBP=0xb6c33d4c
0xb6c33d4c is pointing into the stack for thread: 0x08a36000
"main" prio=10 tid=0x08a36000 nid=0x2e91 runnable [0xb6c33000]
   java.lang.Thread.State: RUNNABLE

ESI=0x00000000
0x00000000 is pointing to unknown location

EDI=0x00000000
0x00000000 is pointing to unknown location


Top of Stack: (sp=0xb6c33d20)
0xb6c33d20:   9e4aeb88 9e7dcfa8 b76ce319 b4a8afde
0xb6c33d30:   08a36118 9e7dcfa8 00000280 000001e0
0xb6c33d40:   00000001 04a00003 00000000 9dfd4000
0xb6c33d50:   00000000 00000000 00000004 04a00003
0xb6c33d60:   9e698000 00a00003 b6c33de8 9fe9e20e
0xb6c33d70:   00002e8a 9f122380 a07e3228 9fea7a1f
0xb6c33d80:   b6c34b70 00002e8a 9ff22a90 9e7dcf80
0xb6c33d90:   9ff22a90 9e7ec4e8 b6c33de8 9fe97b6a 

Instructions: (pc=0x9fe736be)
0x9fe736ae:   89 f6 8b 4c 24 14 31 ff 89 4c 24 04 8b 44 b5 00
0x9fe736be:   8b 00 89 04 24 a1 5c fc ef 9f ff 90 a0 01 00 00 

Stack: [0xb6be4000,0xb6c35000],  sp=0xb6c33d20,  free space=319k
Native frames: (J=compiled Java code, j=interpreted, Vv=VM code, C=native code)
C  [libGL.so.1+0x386be]

Java frames: (J=compiled Java code, j=interpreted, Vv=VM code)
J  org.lwjgl.opengl.LinuxContextImplementation.nSwapBuffers(Ljava/nio/ByteBuffer;)V
J  org.lwjgl.opengl.LinuxContextImplementation.swapBuffers()V
J  org.lwjgl.opengl.Display.swapBuffers()V
J  org.lwjgl.opengl.Display.update()V
J  org.newdawn.slick.AppGameContainer.gameLoop()V
J  org.newdawn.slick.AppGameContainer.start()V
j  it.ice.tabularasa.slick.TabulaRasaSlickGame.main([Ljava/lang/String;)V+23
v  ~StubRoutines::call_stub

---------------  P R O C E S S  ---------------

Java Threads: ( => current thread )
  0x9ff1f000 JavaThread "AWT-XAWT" daemon [_thread_in_native, id=11938, stack(0xa019d000,0xa01ee000)]
  0xa07b1c00 JavaThread "Java2D Disposer" daemon [_thread_blocked, id=11937, stack(0xa021f000,0xa0270000)]
  0xa0702c00 JavaThread "Low Memory Detector" daemon [_thread_blocked, id=11935, stack(0xa05dd000,0xa062e000)]
  0x08aabc00 JavaThread "CompilerThread0" daemon [_thread_blocked, id=11934, stack(0xa062e000,0xa06af000)]
  0x08aa0000 JavaThread "JDWP Event Helper Thread" daemon [_thread_blocked, id=11930, stack(0xa0829000,0xa087a000)]
  0x08a9d800 JavaThread "JDWP Transport Listener: dt_socket" daemon [_thread_in_native, id=11927, stack(0xa087a000,0xa08cb000)]
  0x08a95000 JavaThread "Signal Dispatcher" daemon [_thread_blocked, id=11925, stack(0xa08cb000,0xa091c000)]
  0x08a83c00 JavaThread "Finalizer" daemon [_thread_blocked, id=11924, stack(0xa091c000,0xa096d000)]
  0x08a82400 JavaThread "Reference Handler" daemon [_thread_blocked, id=11923, stack(0xa096d000,0xa09be000)]
=>0x08a36000 JavaThread "main" [_thread_in_native, id=11921, stack(0xb6be4000,0xb6c35000)]

Other Threads:
  0x08a7e800 VMThread [stack: 0xa09be000,0xa0a3f000] [id=11922]
  0xa0705800 WatcherThread [stack: 0xa055c000,0xa05dd000] [id=11936]

VM state:not at safepoint (normal execution)

VM Mutex/Monitor currently owned by a thread: None

Heap
 def new generation   total 4800K, used 3294K [0xa0d20000, 0xa1250000, 0xa6120000)
  eden space 4288K,  72% used [0xa0d20000, 0xa102c170, 0xa1150000)
  from space 512K,  33% used [0xa11d0000, 0xa11fb708, 0xa1250000)
  to   space 512K,   0% used [0xa1150000, 0xa1150000, 0xa11d0000)
 tenured generation   total 10752K, used 9136K [0xa6120000, 0xa6ba0000, 0xb0920000)
   the space 10752K,  84% used [0xa6120000, 0xa6a0c120, 0xa6a0c200, 0xa6ba0000)
 compacting perm gen  total 12288K, used 7891K [0xb0920000, 0xb1520000, 0xb4920000)
   the space 12288K,  64% used [0xb0920000, 0xb10d4f98, 0xb10d5000, 0xb1520000)
No shared spaces configured.

Dynamic libraries:
08048000-08052000 r-xp 00000000 08:04 1403934    /usr/lib/jvm/java-6-sun-1.6.0.24/jre/bin/java
08052000-08053000 rwxp 00009000 08:04 1403934    /usr/lib/jvm/java-6-sun-1.6.0.24/jre/bin/java
08a2a000-08c56000 rwxp 00000000 00:00 0          [heap]
9d0fd000-9d2fd000 rwxs 1bc77000 00:05 5857       /dev/nvidia0
9da00000-9da49000 rwxp 00000000 00:00 0 
9da49000-9db00000 ---p 00000000 00:00 0 
9dc00000-9dcff000 rwxp 00000000 00:00 0 
9dcff000-9dd00000 ---p 00000000 00:00 0 
9ddd4000-9ded4000 rwxs 33a11000 00:05 5857       /dev/nvidia0
9ded4000-9dfd4000 rwxs 320cd000 00:05 5857       /dev/nvidia0
9e018000-9e400000 rwxs b0000000 00:05 5857       /dev/nvidia0
9e400000-9e4ff000 rwxp 00000000 00:00 0 
9e4ff000-9e500000 ---p 00000000 00:00 0 
9e5b9000-9e5f3000 rwxp 00000000 00:00 0 
9e613000-9e641000 r-xp 00000000 08:04 1403987    /usr/lib/jvm/java-6-sun-1.6.0.24/jre/lib/i386/libjpeg.so
9e641000-9e642000 rwxp 0002e000 08:04 1403987    /usr/lib/jvm/java-6-sun-1.6.0.24/jre/lib/i386/libjpeg.so
9e642000-9e647000 r-xs 00040000 08:04 57486      /home/ice/.m2/repository/org/beanshell/bsh/2.0b4/bsh-2.0b4.jar
9e647000-9e64c000 r-xs 00016000 08:04 57496      /home/ice/.m2/repository/xml-apis/xml-apis/1.0.b2/xml-apis-1.0.b2.jar
9e64e000-9e68e000 rwxs b38ce000 00:05 5857       /dev/nvidia0
9e68e000-9e692000 rwxs 339a8000 00:05 5857       /dev/nvidia0
9e692000-9e693000 rwxs b390f000 00:05 5857       /dev/nvidia0
9e693000-9e694000 rwxs 339ec000 00:05 5857       /dev/nvidia0
9e694000-9e695000 rwxs 34472000 00:05 5857       /dev/nvidia0
9e695000-9e696000 rwxs 340e8000 00:05 5857       /dev/nvidia0
9e696000-9e697000 rwxs d1001000 00:05 5857       /dev/nvidia0
9e697000-9e698000 rwxs d1c04000 00:05 5857       /dev/nvidia0
9e698000-9e6b9000 rwxs 00000000 00:04 65536      /SYSV00000000 (deleted)
9e6b9000-9e6db000 r-xs 00205000 08:04 711        /home/ice/.m2/repository/org/apache/derby/derby/10.2.1.6/derby-10.2.1.6.jar
9e6db000-9e6e9000 r-xs 000bb000 08:04 709        /home/ice/.m2/repository/org/apache/lucene/lucene-core/2.4.1/lucene-core-2.4.1.jar
9e6e9000-9e700000 r-xs 00112000 08:04 705        /home/ice/.m2/repository/xerces/xercesImpl/2.8.1/xercesImpl-2.8.1.jar
9e700000-9e7f0000 rwxp 00000000 00:00 0 
9e7f0000-9e800000 ---p 00000000 00:00 0 
9e800000-9e805000 r-xs 00048000 08:04 57498      /home/ice/.m2/repository/dom4j/dom4j/1.6.1/dom4j-1.6.1.jar
9e805000-9e80c000 r-xs 00053000 08:04 686        /home/ice/.m2/repository/log4j/log4j/1.2.14/log4j-1.2.14.jar
9e80c000-9e80e000 r-xs 0001a000 08:04 701        /home/ice/.m2/repository/net/sourceforge/nekohtml/nekohtml/1.9.7/nekohtml-1.9.7.jar
9e80e000-9e810000 r-xs 00009000 08:04 698        /home/ice/.m2/repository/org/jempbox/jempbox/0.2.0/jempbox-0.2.0.jar
9e810000-9e812000 r-xs 0000e000 08:04 695        /home/ice/.m2/repository/org/fontbox/fontbox/0.1.0/fontbox-0.1.0.jar
9e812000-9e820000 r-xs 0031d000 08:04 690        /home/ice/.m2/repository/pdfbox/pdfbox/0.7.3/pdfbox-0.7.3.jar
9e820000-9e82b000 r-xs 000b6000 08:04 688        /home/ice/.m2/repository/org/apache/poi/poi-scratchpad/3.2-FINAL/poi-scratchpad-3.2-FINAL.jar
9e82b000-9fdd9000 r-xp 00000000 08:04 829324     /usr/lib/nvidia-current/libGLcore.so.195.36.24
9fdd9000-9fe2c000 rwxp 015ad000 08:04 829324     /usr/lib/nvidia-current/libGLcore.so.195.36.24
9fe2c000-9fe3b000 rwxp 00000000 00:00 0 
9fe3b000-9fed7000 r-xp 00000000 08:04 829013     /usr/lib/nvidia-current/libGL.so.195.36.24
9fed7000-9fef1000 rwxp 0009b000 08:04 829013     /usr/lib/nvidia-current/libGL.so.195.36.24
9fef1000-9ff00000 rwxp 00000000 00:00 0 
9ff00000-9ffff000 rwxp 00000000 00:00 0 
9ffff000-a0000000 ---p 00000000 00:00 0 
a0000000-a0001000 r-xs 0000c000 08:04 684        /home/ice/.m2/repository/commons-logging/commons-logging/1.1/commons-logging-1.1.jar
a0001000-a001c000 r-xs 00142000 08:04 683        /home/ice/.m2/repository/org/apache/poi/poi/3.2-FINAL/poi-3.2-FINAL.jar
a001c000-a001e000 r-xs 00007000 08:04 678        /home/ice/.m2/repository/org/apache/jackrabbit/jackrabbit-text-extractors/1.6.0/jackrabbit-text-extractors-1.6.0.jar
a001e000-a0020000 r-xs 00004000 08:04 674        /home/ice/.m2/repository/org/apache/jackrabbit/jackrabbit-spi/1.6.0/jackrabbit-spi-1.6.0.jar
a0020000-a002e000 r-xs 00094000 08:04 672        /home/ice/.m2/repository/org/apache/jackrabbit/jackrabbit-spi-commons/1.6.0/jackrabbit-spi-commons-1.6.0.jar
a002e000-a0033000 r-xs 00030000 08:04 670        /home/ice/.m2/repository/org/apache/jackrabbit/jackrabbit-jcr-commons/1.6.0/jackrabbit-jcr-commons-1.6.0.jar
a0033000-a0036000 r-xs 00007000 08:04 667        /home/ice/.m2/repository/org/apache/jackrabbit/jackrabbit-api/1.6.0/jackrabbit-api-1.6.0.jar
a0036000-a0039000 r-xs 00018000 08:04 692        /home/ice/.m2/repository/commons-io/commons-io/1.4/commons-io-1.4.jar
a0039000-a0046000 r-xs 0007c000 08:04 501        /home/ice/.m2/repository/commons-collections/commons-collections/3.1/commons-collections-3.1.jar
a0046000-a0047000 r-xs 00000000 08:04 1299633    /var/cache/fontconfig/26de28bc8622bbc1fb67fd234c21975f-le32d4.cache-3
a0047000-a0048000 r-xs 00000000 08:04 1299430    /var/cache/fontconfig/c05880de57d1f5e948fdfacc138775d9-le32d4.cache-3
a0048000-a004e000 r-xs 00000000 08:04 1299251    /var/cache/fontconfig/945677eb7aeaf62f1d50efc3fb3ec7d8-le32d4.cache-3
a004e000-a0051000 r-xs 00000000 08:04 1298627    /var/cache/fontconfig/99e8ed0e538f840c565b6ed5dad60d56-le32d4.cache-3
a0051000-a0053000 r-xs 00000000 08:04 1298668    /var/cache/fontconfig/f24b2111ab8703b4e963115a8cf14259-le32d4.cache-3
a0053000-a0056000 r-xs 00000000 08:04 1298655    /var/cache/fontconfig/e383d7ea5fbe662a33d9b44caf393297-le32d4.cache-3
a0056000-a005c000 r-xs 00000000 08:04 1299656    /var/cache/fontconfig/401a5dd6b567794a1d18dd9342dfa604-le32d4.cache-3
a005c000-a005d000 r-xs 00000000 08:04 1299427    /var/cache/fontconfig/e3fa16a14183b06aa45b3e009278fd14-le32d4.cache-3
a005d000-a005e000 r-xs 00000000 08:04 1297537    /var/cache/fontconfig/e7071f4a29fa870f4323321c154eba04-le32d4.cache-3
a005e000-a0062000 r-xs 00000000 08:04 1299417    /var/cache/fontconfig/921a30a17f0be15c70ac14043cb7a739-le32d4.cache-3
a0062000-a0065000 r-xs 00000000 08:04 1299402    /var/cache/fontconfig/6eb3985aa4124903f6ff08ba781cd364-le32d4.cache-3
a0065000-a0066000 r-xs 00000000 08:04 1298503    /var/cache/fontconfig/4c73fe0c47614734b17d736dbde7580a-le32d4.cache-3
a0066000-a0067000 r-xs 00000000 08:04 1297558    /var/cache/fontconfig/0d8c3b2ac0904cb8a57a757ad11a4a08-le32d4.cache-3
a0067000-a0068000 r-xs 00000000 08:04 1299367    /var/cache/fontconfig/6a53c69dea097a2d716e069445527da8-le32d4.cache-3
a0068000-a006c000 r-xs 00000000 08:04 1299365    /var/cache/fontconfig/062808c12e6e608270f93bb230aed730-le32d4.cache-3
a006c000-a0070000 r-xs 00000000 08:04 1299364    /var/cache/fontconfig/a755afe4a08bf5b97852ceb7400b47bc-le32d4.cache-3
a0070000-a0071000 r-xs 00000000 08:04 1298611    /var/cache/fontconfig/79517df041c92e3f2b4a9700e7dbe3c7-le32d4.cache-3
a0071000-a0072000 r-xs 00000000 08:04 1298506    /var/cache/fontconfig/4abdb2dd99886b2b2d3168a6b22d0473-le32d4.cache-3
a0072000-a0073000 r-xs 00000000 08:04 1297656    /var/cache/fontconfig/b9af901c4f3947128be824d599af5f25-le32d4.cache-3
a0073000-a0074000 r-xs 00000000 08:04 1297652    /var/cache/fontconfig/a18183678af55fd6535fa2d00e080189-le32d4.cache-3
a0074000-a0076000 r-xs 00000000 08:04 1297651    /var/cache/fontconfig/90e84e89a4382a8db77728561d41356d-le32d4.cache-3
a0076000-a0077000 r-xs 00000000 08:04 1297650    /var/cache/fontconfig/b73ae53b2eee308c3d7feb99ac2d34cd-le32d4.cache-3
a0077000-a0078000 r-xs 00000000 08:04 1297649    /var/cache/fontconfig/407fd690308a0b04640307de6deab6da-le32d4.cache-3
a0078000-a007a000 r-xs 00000000 08:04 1297591    /var/cache/fontconfig/8039e78ad04dad2b193eec8c5f90bc4d-le32d4.cache-3
a007a000-a007c000 r-xs 00000000 08:04 1299193    /var/cache/fontconfig/9123b38b1c36356a690c2f0bc4cbf728-le32d4.cache-3
a007c000-a0080000 r-xs 00000000 08:04 1298950    /var/cache/fontconfig/515ca1ebc4b18308bea979be5704f9db-le32d4.cache-3
a0080000-a0087000 r-xs 00000000 08:04 1298907    /var/cache/fontconfig/6d41288fd70b0be22e8c3a91e032eec0-le32d4.cache-3
a0087000-a008a000 r-xs 00000000 08:04 1297559    /var/cache/fontconfig/de156ccd2eddbdc19d37a45b8b2aac9c-le32d4.cache-3
a008a000-a0092000 r-xs 00000000 08:04 1297536    /var/cache/fontconfig/e3de0de479f42330eadf588a55fb5bf4-le32d4.cache-3
a0092000-a009d000 r-xs 00000000 08:04 1301186    /var/cache/fontconfig/0f34bcd4b6ee430af32735b75db7f02b-le32d4.cache-3
a009d000-a00a0000 r-xs 00000000 08:04 1297550    /var/cache/fontconfig/d60319d88cac85ba9e1a07bd06cfbb8c-le32d4.cache-3
a00a0000-a00c2000 r-xs 00000000 08:04 1298592    /var/cache/fontconfig/365b55f210c0a22e9a19e35191240f32-le32d4.cache-3
a00c2000-a00ca000 r-xs 00000000 08:04 1299325    /var/cache/fontconfig/d52a8644073d54c13679302ca1180695-le32d4.cache-3
a00ca000-a00d0000 r-xs 00000000 08:04 1298534    /var/cache/fontconfig/089dead882dea3570ffc31a9898cfb69-le32d4.cache-3
a00d0000-a0126000 r-xs 00000000 08:04 1298593    /var/cache/fontconfig/b80ce64a4bd0ac846cde5fbdd290c01c-le32d4.cache-3
a0126000-a0138000 r-xs 00000000 08:04 1053626    /var/cache/fontconfig/e13b20fdb08344e0e664864cc2ede53d-le32d4.cache-3
a0138000-a013d000 r-xs 00000000 08:04 1299512    /var/cache/fontconfig/7ef2298fde41cc6eeb7af42e48b7d293-le32d4.cache-3
a013d000-a013e000 r-xs 00002000 08:04 713        /home/ice/.m2/repository/org/slf4j/slf4j-log4j12/1.5.3/slf4j-log4j12-1.5.3.jar
a013e000-a015c000 r-xs 001a7000 08:04 693        /home/ice/.m2/repository/org/apache/jackrabbit/jackrabbit-core/1.6.0/jackrabbit-core-1.6.0.jar
a015c000-a015d000 r-xp 00000000 08:04 837222     /usr/lib/nvidia-current/tls/libnvidia-tls.so.195.36.24
a015d000-a015e000 rwxp 00000000 08:04 837222     /usr/lib/nvidia-current/tls/libnvidia-tls.so.195.36.24
a015e000-a015f000 r-xp 00000000 08:04 1403983    /usr/lib/jvm/java-6-sun-1.6.0.24/jre/lib/i386/libjawt.so
a015f000-a0160000 rwxp 00000000 08:04 1403983    /usr/lib/jvm/java-6-sun-1.6.0.24/jre/lib/i386/libjawt.so
a0160000-a0166000 r-xp 00000000 08:04 879862     /usr/lib/libXrandr.so.2.2.0
a0166000-a0167000 r-xp 00005000 08:04 879862     /usr/lib/libXrandr.so.2.2.0
a0167000-a0168000 rwxp 00006000 08:04 879862     /usr/lib/libXrandr.so.2.2.0
a0168000-a019c000 r-xp 00000000 08:04 771901     /home/ice/Progetti/tabularasa/TabulaRasaSlick/lib/liblwjgl.so
a019c000-a019d000 rwxp 00034000 08:04 771901     /home/ice/Progetti/tabularasa/TabulaRasaSlick/lib/liblwjgl.so
a019d000-a01a0000 ---p 00000000 00:00 0 
a01a0000-a01ee000 rwxp 00000000 00:00 0 
a01ee000-a01f2000 r-xp 00000000 08:04 879760     /usr/lib/libXfixes.so.3.1.0
a01f2000-a01f3000 r-xp 00003000 08:04 879760     /usr/lib/libXfixes.so.3.1.0
a01f3000-a01f4000 rwxp 00004000 08:04 879760     /usr/lib/libXfixes.so.3.1.0
a01f4000-a01fc000 r-xp 00000000 08:04 1070868    /usr/lib/libXrender.so.1.3.0
a01fc000-a01fd000 r-xp 00007000 08:04 1070868    /usr/lib/libXrender.so.1.3.0
a01fd000-a01fe000 rwxp 00008000 08:04 1070868    /usr/lib/libXrender.so.1.3.0
a01fe000-a0206000 r-xp 00000000 08:04 880419     /usr/lib/libXcursor.so.1.0.2
a0206000-a0207000 r-xp 00007000 08:04 880419     /usr/lib/libXcursor.so.1.0.2
a0207000-a0208000 rwxp 00008000 08:04 880419     /usr/lib/libXcursor.so.1.0.2
a0208000-a0209000 r-xs 00004000 08:04 677        /home/ice/.m2/repository/org/slf4j/slf4j-api/1.5.3/slf4j-api-1.5.3.jar
a0209000-a0210000 r-xs 00028000 08:04 665        /home/ice/.m2/repository/concurrent/concurrent/1.3.4/concurrent-1.3.4.jar
a0210000-a0213000 r-xs 00007000 08:04 663        /home/ice/.m2/repository/javax/jcr/jcr/1.0/jcr-1.0.jar
a0213000-a0219000 r-xs 000ad000 08:04 481        /home/ice/.m2/repository/mysql/mysql-connector-java/5.1.12/mysql-connector-java-5.1.12.jar
a0219000-a021f000 r-xs 00033000 08:04 472        /home/ice/.m2/repository/junit/junit/4.7/junit-4.7.jar
a021f000-a0222000 ---p 00000000 00:00 0 
a0222000-a0270000 rwxp 00000000 00:00 0 
a0270000-a02e9000 r-xp 00000000 08:04 1404027    /usr/lib/jvm/java-6-sun-1.6.0.24/jre/lib/i386/libfontmanager.so
a02e9000-a02f3000 rwxp 00078000 08:04 1404027    /usr/lib/jvm/java-6-sun-1.6.0.24/jre/lib/i386/libfontmanager.so
a02f3000-a02f8000 rwxp 00000000 00:00 0 
a02f8000-a0312000 r-xp 00000000 08:04 981182     /usr/share/locale-langpack/it/LC_MESSAGES/libc.mo
a0312000-a032a000 r-xp 00000000 08:04 1070825    /usr/lib/libxcb.so.1.1.0
a032a000-a032b000 r-xp 00017000 08:04 1070825    /usr/lib/libxcb.so.1.1.0
a032b000-a032c000 rwxp 00018000 08:04 1070825    /usr/lib/libxcb.so.1.1.0
a032c000-a0338000 r-xp 00000000 08:04 1070821    /usr/lib/libXi.so.6.1.0
a0338000-a0339000 r-xp 0000c000 08:04 1070821    /usr/lib/libXi.so.6.1.0
a0339000-a033a000 rwxp 0000d000 08:04 1070821    /usr/lib/libXi.so.6.1.0
a033a000-a0453000 r-xp 00000000 08:04 1070832    /usr/lib/libX11.so.6.3.0
a0453000-a0454000 r-xp 00118000 08:04 1070832    /usr/lib/libX11.so.6.3.0
a0454000-a0456000 rwxp 00119000 08:04 1070832    /usr/lib/libX11.so.6.3.0
a0456000-a0457000 rwxp 00000000 00:00 0 
a0457000-a0465000 r-xp 00000000 08:04 879601     /usr/lib/libXext.so.6.4.0
a0465000-a0466000 r-xp 0000d000 08:04 879601     /usr/lib/libXext.so.6.4.0
a0466000-a0467000 rwxp 0000e000 08:04 879601     /usr/lib/libXext.so.6.4.0
a0467000-a04aa000 r-xp 00000000 08:04 1404012    /usr/lib/jvm/java-6-sun-1.6.0.24/jre/lib/i386/xawt/libmawt.so
a04aa000-a04ac000 rwxp 00043000 08:04 1404012    /usr/lib/jvm/java-6-sun-1.6.0.24/jre/lib/i386/xawt/libmawt.so
a04ac000-a04ad000 rwxp 00000000 00:00 0 
a04ad000-a0531000 r-xp 00000000 08:04 1403979    /usr/lib/jvm/java-6-sun-1.6.0.24/jre/lib/i386/libawt.so
a0531000-a0538000 rwxp 00084000 08:04 1403979    /usr/lib/jvm/java-6-sun-1.6.0.24/jre/lib/i386/libawt.so
a0538000-a055c000 rwxp 00000000 00:00 0 
a055c000-a055d000 ---p 00000000 00:00 0 
a055d000-a05dd000 rwxp 00000000 00:00 0 
a05dd000-a05e0000 ---p 00000000 00:00 0 
a05e0000-a062e000 rwxp 00000000 00:00 0 
a062e000-a0631000 ---p 00000000 00:00 0 
a0631000-a06af000 rwxp 00000000 00:00 0 
a06af000-a06b2000 ---p 00000000 00:00 0 
a06b2000-a0700000 rwxp 00000000 00:00 0 
a0700000-a0800000 rwxp 00000000 00:00 0 
a0800000-a0801000 r-xs 00000000 08:04 1297560    /var/cache/fontconfig/27f6fa40476fb33ad65cb210c133a216-le32d4.cache-3
a0801000-a0805000 r-xp 00000000 08:04 879514     /usr/lib/libXdmcp.so.6.0.0
a0805000-a0806000 r-xp 00003000 08:04 879514     /usr/lib/libXdmcp.so.6.0.0
a0806000-a0807000 rwxp 00004000 08:04 879514     /usr/lib/libXdmcp.so.6.0.0
a0807000-a0808000 r-xs 00000000 08:04 1297459    /var/cache/fontconfig/98d684ad3abba16030bd60992dc9c5d7-le32d4.cache-3
a0808000-a080a000 r-xs 00000000 08:04 1299052    /var/cache/fontconfig/ddd4086aec35a5275babba44bb759c3c-le32d4.cache-3
a080a000-a0810000 r-xs 00000000 08:04 1053625    /var/cache/fontconfig/b83386915dae36184c7e3985fd26e4b1-le32d4.cache-3
a0810000-a081e000 r-xs 00000000 08:04 1298796    /var/cache/fontconfig/865f88548240fee46819705c6468c165-le32d4.cache-3
a081e000-a0829000 r-xs 00093000 08:04 771896     /home/ice/Progetti/tabularasa/TabulaRasaSlick/lib/slick.jar
a0829000-a082c000 ---p 00000000 00:00 0 
a082c000-a087a000 rwxp 00000000 00:00 0 
a087a000-a087d000 ---p 00000000 00:00 0 
a087d000-a08cb000 rwxp 00000000 00:00 0 
a08cb000-a08ce000 ---p 00000000 00:00 0 
a08ce000-a091c000 rwxp 00000000 00:00 0 
a091c000-a091f000 ---p 00000000 00:00 0 
a091f000-a096d000 rwxp 00000000 00:00 0 
a096d000-a0970000 ---p 00000000 00:00 0 
a0970000-a09be000 rwxp 00000000 00:00 0 
a09be000-a09bf000 ---p 00000000 00:00 0 
a09bf000-a0a73000 rwxp 00000000 00:00 0 
a0a73000-a0c0b000 r-xs 03027000 08:04 1398788    /usr/lib/jvm/java-6-sun-1.6.0.24/jre/lib/rt.jar
a0c0b000-a0c12000 rwxp 00000000 00:00 0 
a0c12000-a0c2c000 rwxp 00000000 00:00 0 
a0c2c000-a0c32000 rwxp 00000000 00:00 0 
a0c32000-a0c81000 rwxp 00000000 00:00 0 
a0c81000-a0c84000 rwxp 00000000 00:00 0 
a0c84000-a0cab000 rwxp 00000000 00:00 0 
a0cab000-a0cb1000 rwxp 00000000 00:00 0 
a0cb1000-a0cff000 rwxp 00000000 00:00 0 
a0cff000-a0d05000 rwxp 00000000 00:00 0 
a0d05000-a0d1f000 rwxp 00000000 00:00 0 
a0d1f000-a1250000 rwxp 00000000 00:00 0 
a1250000-a6120000 rwxp 00000000 00:00 0 
a6120000-a6ba0000 rwxp 00000000 00:00 0 
a6ba0000-b0920000 rwxp 00000000 00:00 0 
b0920000-b1520000 rwxp 00000000 00:00 0 
b1520000-b4920000 rwxp 00000000 00:00 0 
b4920000-b4922000 r-xp 00000000 08:04 879354     /usr/lib/libXau.so.6.0.0
b4922000-b4923000 r-xp 00001000 08:04 879354     /usr/lib/libXau.so.6.0.0
b4923000-b4924000 rwxp 00002000 08:04 879354     /usr/lib/libXau.so.6.0.0
b4924000-b4928000 r-xp 00000000 08:04 1070834    /usr/lib/libXtst.so.6.1.0
b4928000-b4929000 r-xp 00003000 08:04 1070834    /usr/lib/libXtst.so.6.1.0
b4929000-b492a000 rwxp 00004000 08:04 1070834    /usr/lib/libXtst.so.6.1.0
b492a000-b492f000 rwxp 00000000 00:00 0 
b492f000-b49aa000 rwxp 00000000 00:00 0 
b49aa000-b4ae2000 rwxp 00000000 00:00 0 
b4ae2000-b69aa000 rwxp 00000000 00:00 0 
b69aa000-b69b9000 r-xp 00000000 08:04 1403981    /usr/lib/jvm/java-6-sun-1.6.0.24/jre/lib/i386/libzip.so
b69b9000-b69bb000 rwxp 0000e000 08:04 1403981    /usr/lib/jvm/java-6-sun-1.6.0.24/jre/lib/i386/libzip.so
b69bb000-b69c5000 r-xp 00000000 08:04 1200119    /lib/tls/i686/cmov/libnss_files-2.11.1.so
b69c5000-b69c6000 r-xp 00009000 08:04 1200119    /lib/tls/i686/cmov/libnss_files-2.11.1.so
b69c6000-b69c7000 rwxp 0000a000 08:04 1200119    /lib/tls/i686/cmov/libnss_files-2.11.1.so
b69c7000-b69cf000 r-xp 00000000 08:04 1200121    /lib/tls/i686/cmov/libnss_nis-2.11.1.so
b69cf000-b69d0000 r-xp 00007000 08:04 1200121    /lib/tls/i686/cmov/libnss_nis-2.11.1.so
b69d0000-b69d1000 rwxp 00008000 08:04 1200121    /lib/tls/i686/cmov/libnss_nis-2.11.1.so
b69d1000-b69d7000 r-xp 00000000 08:04 1200117    /lib/tls/i686/cmov/libnss_compat-2.11.1.so
b69d7000-b69d8000 r-xp 00006000 08:04 1200117    /lib/tls/i686/cmov/libnss_compat-2.11.1.so
b69d8000-b69d9000 rwxp 00007000 08:04 1200117    /lib/tls/i686/cmov/libnss_compat-2.11.1.so
b69d9000-b69da000 r-xs 00000000 08:04 1300613    /var/cache/fontconfig/4794a0821666d79190d59a36cb4f44b5-le32d4.cache-3
b69da000-b69dc000 r-xs 00000000 08:04 1298906    /var/cache/fontconfig/ce677e824a231659fde4a3a246a10ea3-le32d4.cache-3
b69dc000-b69de000 r-xs 00019000 08:04 771897     /home/ice/Progetti/tabularasa/TabulaRasaSlick/lib/phys2d-060408.jar
b69de000-b69e5000 r-xs 00073000 08:04 771895     /home/ice/Progetti/tabularasa/TabulaRasaSlick/lib/lwjgl.jar
b69e5000-b69e7000 r-xs 0000d000 08:04 771889     /home/ice/Progetti/tabularasa/TabulaRasaSlick/lib/jorbis-0.0.15.jar
b69e7000-b69e8000 r-xs 00001000 08:04 771888     /home/ice/Progetti/tabularasa/TabulaRasaSlick/lib/jogg-0.0.7.jar
b69e8000-b69f0000 rwxs 00000000 08:04 773766     /tmp/hsperfdata_ice/11914
b69f0000-b6a2f000 r-xp 00000000 08:04 492534     /usr/lib/locale/it_IT.utf8/LC_CTYPE
b6a2f000-b6b4d000 r-xp 00000000 08:04 492535     /usr/lib/locale/it_IT.utf8/LC_COLLATE
b6b4d000-b6b87000 r-xp 00000000 08:04 1404023    /usr/lib/jvm/java-6-sun-1.6.0.24/jre/lib/i386/libjdwp.so
b6b87000-b6b88000 rwxp 00039000 08:04 1404023    /usr/lib/jvm/java-6-sun-1.6.0.24/jre/lib/i386/libjdwp.so
b6b88000-b6b9b000 r-xp 00000000 08:04 1200116    /lib/tls/i686/cmov/libnsl-2.11.1.so
b6b9b000-b6b9c000 r-xp 00012000 08:04 1200116    /lib/tls/i686/cmov/libnsl-2.11.1.so
b6b9c000-b6b9d000 rwxp 00013000 08:04 1200116    /lib/tls/i686/cmov/libnsl-2.11.1.so
b6b9d000-b6b9f000 rwxp 00000000 00:00 0 
b6b9f000-b6ba2000 r-xp 00000000 08:04 1404022    /usr/lib/jvm/java-6-sun-1.6.0.24/jre/lib/i386/libdt_socket.so
b6ba2000-b6ba3000 rwxp 00003000 08:04 1404022    /usr/lib/jvm/java-6-sun-1.6.0.24/jre/lib/i386/libdt_socket.so
b6ba3000-b6ba4000 r-xp 00000000 08:04 979295     /usr/lib/locale/it_IT.utf8/LC_NUMERIC
b6ba4000-b6ba5000 r-xp 00000000 08:04 979296     /usr/lib/locale/it_IT.utf8/LC_TIME
b6ba5000-b6ba6000 r-xp 00000000 08:04 979298     /usr/lib/locale/it_IT.utf8/LC_MONETARY
b6ba6000-b6ba7000 r-xp 00000000 08:04 988472     /usr/lib/locale/it_IT.utf8/LC_MESSAGES/SYS_LC_MESSAGES
b6ba7000-b6ba8000 r-xp 00000000 08:04 763462     /usr/lib/locale/it_IT.utf8/LC_PAPER
b6ba8000-b6ba9000 r-xp 00000000 08:04 763463     /usr/lib/locale/it_IT.utf8/LC_NAME
b6ba9000-b6baa000 r-xp 00000000 08:04 979300     /usr/lib/locale/it_IT.utf8/LC_ADDRESS
b6baa000-b6bab000 r-xp 00000000 08:04 979302     /usr/lib/locale/it_IT.utf8/LC_TELEPHONE
b6bab000-b6bb2000 r-xs 00000000 08:04 2487072    /usr/lib/gconv/gconv-modules.cache
b6bb2000-b6bb5000 r-xp 00000000 08:04 1403975    /usr/lib/jvm/java-6-sun-1.6.0.24/jre/lib/i386/libnpt.so
b6bb5000-b6bb6000 rwxp 00002000 08:04 1403975    /usr/lib/jvm/java-6-sun-1.6.0.24/jre/lib/i386/libnpt.so
b6bb6000-b6bd9000 r-xp 00000000 08:04 1403976    /usr/lib/jvm/java-6-sun-1.6.0.24/jre/lib/i386/libjava.so
b6bd9000-b6bdb000 rwxp 00023000 08:04 1403976    /usr/lib/jvm/java-6-sun-1.6.0.24/jre/lib/i386/libjava.so
b6bdb000-b6be2000 r-xp 00000000 08:04 1200444    /lib/tls/i686/cmov/librt-2.11.1.so
b6be2000-b6be3000 r-xp 00006000 08:04 1200444    /lib/tls/i686/cmov/librt-2.11.1.so
b6be3000-b6be4000 rwxp 00007000 08:04 1200444    /lib/tls/i686/cmov/librt-2.11.1.so
b6be4000-b6be7000 ---p 00000000 00:00 0 
b6be7000-b6c35000 rwxp 00000000 00:00 0 
b6c35000-b6c59000 r-xp 00000000 08:04 1200113    /lib/tls/i686/cmov/libm-2.11.1.so
b6c59000-b6c5a000 r-xp 00023000 08:04 1200113    /lib/tls/i686/cmov/libm-2.11.1.so
b6c5a000-b6c5b000 rwxp 00024000 08:04 1200113    /lib/tls/i686/cmov/libm-2.11.1.so
b6c5b000-b711d000 r-xp 00000000 08:04 1403992    /usr/lib/jvm/java-6-sun-1.6.0.24/jre/lib/i386/client/libjvm.so
b711d000-b7140000 rwxp 004c2000 08:04 1403992    /usr/lib/jvm/java-6-sun-1.6.0.24/jre/lib/i386/client/libjvm.so
b7140000-b755d000 rwxp 00000000 00:00 0 
b755d000-b76b0000 r-xp 00000000 08:04 1200106    /lib/tls/i686/cmov/libc-2.11.1.so
b76b0000-b76b1000 ---p 00153000 08:04 1200106    /lib/tls/i686/cmov/libc-2.11.1.so
b76b1000-b76b3000 r-xp 00153000 08:04 1200106    /lib/tls/i686/cmov/libc-2.11.1.so
b76b3000-b76b4000 rwxp 00155000 08:04 1200106    /lib/tls/i686/cmov/libc-2.11.1.so
b76b4000-b76b7000 rwxp 00000000 00:00 0 
b76b7000-b76b9000 r-xp 00000000 08:04 1200111    /lib/tls/i686/cmov/libdl-2.11.1.so
b76b9000-b76ba000 r-xp 00001000 08:04 1200111    /lib/tls/i686/cmov/libdl-2.11.1.so
b76ba000-b76bb000 rwxp 00002000 08:04 1200111    /lib/tls/i686/cmov/libdl-2.11.1.so
b76bb000-b76c2000 r-xp 00000000 08:04 1403985    /usr/lib/jvm/java-6-sun-1.6.0.24/jre/lib/i386/jli/libjli.so
b76c2000-b76c4000 rwxp 00006000 08:04 1403985    /usr/lib/jvm/java-6-sun-1.6.0.24/jre/lib/i386/jli/libjli.so
b76c4000-b76c5000 rwxp 00000000 00:00 0 
b76c5000-b76da000 r-xp 00000000 08:04 1200295    /lib/tls/i686/cmov/libpthread-2.11.1.so
b76da000-b76db000 r-xp 00014000 08:04 1200295    /lib/tls/i686/cmov/libpthread-2.11.1.so
b76db000-b76dc000 rwxp 00015000 08:04 1200295    /lib/tls/i686/cmov/libpthread-2.11.1.so
b76dc000-b76de000 rwxp 00000000 00:00 0 
b76de000-b76df000 r-xp 00000000 08:04 763466     /usr/lib/locale/it_IT.utf8/LC_MEASUREMENT
b76df000-b76e0000 r-xp 00000000 08:04 979305     /usr/lib/locale/it_IT.utf8/LC_IDENTIFICATION
b76e0000-b76e6000 r-xp 00000000 08:04 1403999    /usr/lib/jvm/java-6-sun-1.6.0.24/jre/lib/i386/native_threads/libhpi.so
b76e6000-b76e7000 rwxp 00006000 08:04 1403999    /usr/lib/jvm/java-6-sun-1.6.0.24/jre/lib/i386/native_threads/libhpi.so
b76e7000-b76e8000 rwxp 00000000 00:00 0 
b76e8000-b76e9000 r-xp 00000000 00:00 0 
b76e9000-b76f4000 r-xp 00000000 08:04 1404010    /usr/lib/jvm/java-6-sun-1.6.0.24/jre/lib/i386/libverify.so
b76f4000-b76f5000 rwxp 0000b000 08:04 1404010    /usr/lib/jvm/java-6-sun-1.6.0.24/jre/lib/i386/libverify.so
b76f5000-b76f7000 rwxp 00000000 00:00 0 
b76f7000-b76f8000 r-xp 00000000 00:00 0          [vdso]
b76f8000-b7713000 r-xp 00000000 08:04 1248534    /lib/ld-2.11.1.so
b7713000-b7714000 r-xp 0001a000 08:04 1248534    /lib/ld-2.11.1.so
b7714000-b7715000 rwxp 0001b000 08:04 1248534    /lib/ld-2.11.1.so
bfa19000-bfa2f000 rwxp 00000000 00:00 0          [stack]

VM Arguments:
jvm_args: -agentlib:jdwp=transport=dt_socket,suspend=y,address=localhost:46555 -Djava.library.path=/home/ice/Progetti/tabularasa/TabulaRasaSlick/lib -Dfile.encoding=UTF-8 
java_command: it.ice.tabularasa.slick.TabulaRasaSlickGame
Launcher Type: SUN_STANDARD

Environment Variables:
PATH=/usr/local/sbin:/usr/local/bin:/usr/sbin:/usr/bin:/sbin:/bin:/usr/games
USERNAME=ice
LD_LIBRARY_PATH=/usr/lib/jvm/java-6-sun-1.6.0.24/jre/lib/i386/client:/usr/lib/jvm/java-6-sun-1.6.0.24/jre/lib/i386:/usr/lib/jvm/java-6-sun-1.6.0.24/jre/../lib/i386:/usr/lib/jvm/java-6-sun-1.6.0.24/jre/lib/i386/client:/usr/lib/jvm/java-6-sun-1.6.0.24/jre/lib/i386:
SHELL=/bin/bash
DISPLAY=:0.0

Signal Handlers:
SIGSEGV: [libjvm.so+0x452e10], sa_mask[0]=0x7ffbfeff, sa_flags=0x10000004
SIGBUS: [libjvm.so+0x452e10], sa_mask[0]=0x7ffbfeff, sa_flags=0x10000004
SIGFPE: [libjvm.so+0x374120], sa_mask[0]=0x7ffbfeff, sa_flags=0x10000004
SIGPIPE: [libjvm.so+0x374120], sa_mask[0]=0x7ffbfeff, sa_flags=0x10000004
SIGXFSZ: [libjvm.so+0x374120], sa_mask[0]=0x7ffbfeff, sa_flags=0x10000004
SIGILL: [libjvm.so+0x374120], sa_mask[0]=0x7ffbfeff, sa_flags=0x10000004
SIGUSR1: SIG_DFL, sa_mask[0]=0x00000000, sa_flags=0x00000000
SIGUSR2: [libjvm.so+0x377100], sa_mask[0]=0x00000004, sa_flags=0x10000004
SIGHUP: [libjvm.so+0x376ce0], sa_mask[0]=0x7ffbfeff, sa_flags=0x10000004
SIGINT: [libjvm.so+0x376ce0], sa_mask[0]=0x7ffbfeff, sa_flags=0x10000004
SIGTERM: [libjvm.so+0x376ce0], sa_mask[0]=0x7ffbfeff, sa_flags=0x10000004
SIGQUIT: [libjvm.so+0x376ce0], sa_mask[0]=0x7ffbfeff, sa_flags=0x10000004


---------------  S Y S T E M  ---------------

OS: