----------------------------------------------------------------
2010-03-12 20:22:24.134 GMT:
 Booting Derby version The Apache Software Foundation - Apache Derby - 10.2.1.6 - (452058): instance c013800d-0127-540a-c38b-0000003b9e38
on database directory /home/ice/Progetti/tabularasa/TabulaRasa/repository/version/db  

Database Class Loader started - derby.database.classpath=''
----------------------------------------------------------------
2010-03-12 20:22:26.186 GMT:
 Booting Derby version The Apache Software Foundation - Apache Derby - 10.2.1.6 - (452058): instance c3350098-0127-540a-c38b-0000003b9e38
on database directory /home/ice/Progetti/tabularasa/TabulaRasa/repository/workspaces/default/db  

Database Class Loader started - derby.database.classpath=''
----------------------------------------------------------------
2010-03-12 20:22:27.994 GMT:
 Booting Derby version The Apache Software Foundation - Apache Derby - 10.2.1.6 - (452058): instance c934c123-0127-540a-c38b-0000003b9e38
on database directory /home/ice/Progetti/tabularasa/TabulaRasa/repository/workspaces/security/db  

Database Class Loader started - derby.database.classpath=''

2010-03-12 20:22:29.114 GMT:
Shutting down instance c3350098-0127-540a-c38b-0000003b9e38
----------------------------------------------------------------

2010-03-12 20:22:29.179 GMT:
Shutting down instance c934c123-0127-540a-c38b-0000003b9e38
----------------------------------------------------------------

2010-03-12 20:22:29.219 GMT:
Shutting down instance c013800d-0127-540a-c38b-0000003b9e38
----------------------------------------------------------------
